SF:lib\main.dart
DA:10,0
DA:11,0
DA:17,2
DA:20,1
DA:22,1
DA:23,1
DA:26,1
DA:27,1
DA:28,1
DA:29,1
DA:30,1
DA:39,0
DA:40,0
DA:42,0
DA:43,0
DA:44,0
DA:45,0
DA:47,0
DA:48,0
DA:49,0
DA:50,0
LF:21
LH:9
end_of_record
SF:lib\data_provider\currency_data_provider.dart
DA:5,0
DA:6,0
DA:7,0
DA:8,0
DA:9,0
LF:5
LH:0
end_of_record
SF:lib\model\currency_model.dart
DA:8,0
DA:9,0
DA:10,0
DA:11,0
DA:12,0
DA:13,0
LF:6
LH:0
end_of_record
SF:lib\sevice\api_service.dart
DA:10,0
DA:11,0
DA:12,0
DA:13,0
DA:15,0
DA:22,0
DA:23,0
DA:24,0
DA:30,0
DA:31,0
DA:34,0
DA:36,0
DA:37,0
DA:38,0
LF:14
LH:0
end_of_record
SF:lib\home_screen.dart
DA:4,0
DA:6,0
DA:8,0
DA:9,0
LF:4
LH:0
end_of_record
